7/5/2023 10:44:54 AM	This log contains information about the import schema operation into project 'SummerCamp.Database' on computer 'DESKTOP-8106BH7' by user 'Adriana'.
7/5/2023 10:44:54 AM	Import of database schema has started.
7/5/2023 10:45:03 AM	Gathering database credentials
7/5/2023 10:45:03 AM	Gathering database options
7/5/2023 10:45:03 AM	Gathering generic database scoped configuration option
7/5/2023 10:45:03 AM	Gathering users
7/5/2023 10:45:03 AM	Gathering roles
7/5/2023 10:45:03 AM	Gathering application roles
7/5/2023 10:45:03 AM	Gathering role memberships
7/5/2023 10:45:03 AM	Gathering filegroups
7/5/2023 10:45:03 AM	Gathering full-text catalogs
7/5/2023 10:45:03 AM	Gathering assemblies
7/5/2023 10:45:03 AM	Gathering certificates
7/5/2023 10:45:03 AM	Gathering asymmetric keys
7/5/2023 10:45:03 AM	Gathering symmetric keys
7/5/2023 10:45:03 AM	Gathering encrypted symmetric keys
7/5/2023 10:45:03 AM	Gathering schemas
7/5/2023 10:45:03 AM	Gathering XML schema collections
7/5/2023 10:45:03 AM	Gathering user-defined data types
7/5/2023 10:45:03 AM	Gathering user-defined types
7/5/2023 10:45:03 AM	Gathering table types
7/5/2023 10:45:03 AM	Gathering unique keys for table types
7/5/2023 10:45:03 AM	Gathering primary keys for table types
7/5/2023 10:45:08 AM	Gathering indexes for table types
7/5/2023 10:45:08 AM	Gathering check constraints for table types
7/5/2023 10:45:08 AM	Gathering default constraints for table types
7/5/2023 10:45:08 AM	Gathering partition functions
7/5/2023 10:45:08 AM	Gathering partition schemes
7/5/2023 10:45:08 AM	Gathering functions
7/5/2023 10:45:08 AM	Gathering encrypted functions
7/5/2023 10:45:08 AM	Gathering aggregates
7/5/2023 10:45:08 AM	Gathering procedures
7/5/2023 10:45:08 AM	Gathering encrypted procedures
7/5/2023 10:45:08 AM	Gathering tables
7/5/2023 10:45:08 AM	Gathering primary keys
7/5/2023 10:45:08 AM	Gathering unique constraints
7/5/2023 10:45:08 AM	Gathering foreign keys
7/5/2023 10:45:08 AM	Gathering default constraints
7/5/2023 10:45:08 AM	Gathering check constraints
7/5/2023 10:45:08 AM	Gathering views
7/5/2023 10:45:08 AM	Gathering encrypted views
7/5/2023 10:45:08 AM	Gathering indexes
7/5/2023 10:45:08 AM	Gathering statistics
7/5/2023 10:45:08 AM	Gathering full-text index stoplists
7/5/2023 10:45:08 AM	Gathering search property lists
7/5/2023 10:45:08 AM	Gathering search properties
7/5/2023 10:45:08 AM	Gathering full-text indexes
7/5/2023 10:45:08 AM	Gathering column store indexes
7/5/2023 10:45:08 AM	Gathering spatial indexes
7/5/2023 10:45:08 AM	Gathering XML indexes
7/5/2023 10:45:08 AM	Gathering Selective XML indexes
7/5/2023 10:45:08 AM	Gathering encrypted triggers
7/5/2023 10:45:08 AM	Gathering triggers
7/5/2023 10:45:08 AM	Gathering encrypted and clr ddl triggers
7/5/2023 10:45:08 AM	Gathering ddl triggers
7/5/2023 10:45:08 AM	Creating edge constraints
7/5/2023 10:45:08 AM	Gathering synonyms
7/5/2023 10:45:08 AM	Gathering defaults
7/5/2023 10:45:08 AM	Gathering data constraint uddt bindings
7/5/2023 10:45:08 AM	Gathering rules
7/5/2023 10:45:08 AM	Gathering data constraint uddt bindings
7/5/2023 10:45:08 AM	Gathering message types
7/5/2023 10:45:08 AM	Gathering queues
7/5/2023 10:45:08 AM	Gathering contracts
7/5/2023 10:45:08 AM	Gathering services
7/5/2023 10:45:08 AM	Gathering event notifications
7/5/2023 10:45:09 AM	Gathering remote service bindings
7/5/2023 10:45:09 AM	Gathering broker priorities
7/5/2023 10:45:09 AM	Gathering signatures
7/5/2023 10:45:09 AM	Gathering compression options
7/5/2023 10:45:09 AM	Gathering sequence types
7/5/2023 10:45:09 AM	Gathering security policies
7/5/2023 10:45:09 AM	Gather column encryption keys
7/5/2023 10:45:09 AM	Gathering column master keys
7/5/2023 10:45:09 AM	Gathering external data sources
7/5/2023 10:45:09 AM	Gathering external file formats
7/5/2023 10:45:09 AM	Gathering external tables
7/5/2023 10:45:09 AM	Gathering XML index compression options
7/5/2023 10:45:09 AM	Gathering extended properties
7/5/2023 10:45:09 AM	Gathering assemblies
7/5/2023 10:45:09 AM	Gathering credentials
7/5/2023 10:45:09 AM	Gathering logins
7/5/2023 10:45:09 AM	Gathering server audits
7/5/2023 10:45:10 AM	Scanning project for duplicate elements
7/5/2023 10:45:10 AM	Finished duplicate element processing
7/5/2023 10:45:11 AM	Finished importing database.
7/5/2023 10:45:11 AM	A summary of the import was saved to the following location: C:\Users\Adriana\Desktop\NetRom-Aplicatie web pentru Managamentul unei Competiti Sportive\SummerCamp.Database\Import Schema Logs\SummerCamp.Database_20230705074454.log
7/5/2023 10:45:11 AM	Click Finish to continue...
